<?xml version="1.0" encoding="UTF-8"?>
<!-- Generated by org.testng.reporters.JUnitXMLReporter -->
<testsuite ignored="0" hostname="QT-USEC-LT0491" failures="1" tests="1" name="Default test" time="2.502" errors="0" timestamp="2024-05-30T21:52:05 CDT">
  <testcase classname="io.cucumber.testng.AbstractTestNGCucumberTests" name="runScenario" time="1.992">
    <failure type="io.cucumber.java.PendingException" message="TODO: implement me">
      <![CDATA[io.cucumber.java.PendingException: TODO: implement me
at com.shiftleftautomation.definitions.PhoneSvcDefinitions.phone_with_lowest_cost_is_displayed(PhoneSvcDefinitions.java:94)
at ✽.phone with lowest cost is displayed(file:///C:/Users/sprasad/git/PhoneSvc_BDD/src/test/resources/features/PhoneSvc.feature:10)
]]>
    </failure>
  </testcase> <!-- runScenario -->
</testsuite> <!-- Default test -->
