<?xml version="1.0" encoding="UTF-8"?>
<testng-results ignored="0" total="1" passed="1" failed="0" skipped="0">
  <reporter-output>
  </reporter-output>
  <suite started-at="2024-05-31T12:54:03 CDT" name="Default suite" finished-at="2024-05-31T12:54:06 CDT" duration-ms="3427">
    <groups>
      <group name="cucumber">
        <method signature="AbstractTestNGCucumberTests.runScenario(io.cucumber.testng.PickleWrapper,io.cucumber.testng.FeatureWrapper)[pri:0, instance:com.shiftleftautomation.runner.TestRunner@291caca8]" name="runScenario" class="io.cucumber.testng.AbstractTestNGCucumberTests"/>
      </group> <!-- cucumber -->
    </groups>
    <test started-at="2024-05-31T12:54:03 CDT" name="Default test" finished-at="2024-05-31T12:54:06 CDT" duration-ms="3427">
      <class name="com.shiftleftautomation.runner.TestRunner">
        <test-method is-config="true" signature="setUpClass(org.testng.ITestContext)[pri:0, instance:com.shiftleftautomation.runner.TestRunner@291caca8]" started-at="2024-05-31T12:54:03 CDT" name="setUpClass" finished-at="2024-05-31T12:54:03 CDT" duration-ms="583" status="PASS">
          <params>
            <param index="0">
              <value>
                <![CDATA[org.testng.TestRunner@7540160e]]>
              </value>
            </param>
          </params>
          <reporter-output>
          </reporter-output>
        </test-method> <!-- setUpClass -->
        <test-method signature="runScenario(io.cucumber.testng.PickleWrapper,io.cucumber.testng.FeatureWrapper)[pri:0, instance:com.shiftleftautomation.runner.TestRunner@291caca8]" started-at="2024-05-31T12:54:04 CDT" name="runScenario" description="Runs Cucumber Scenarios" data-provider="scenarios" finished-at="2024-05-31T12:54:06 CDT" duration-ms="2755" status="PASS">
          <params>
            <param index="0">
              <value>
                <![CDATA["Verify phone details are displayed in the response"]]>
              </value>
            </param>
            <param index="1">
              <value>
                <![CDATA["Phone Svc"]]>
              </value>
            </param>
          </params>
          <reporter-output>
          </reporter-output>
        </test-method> <!-- runScenario -->
        <test-method is-config="true" signature="tearDownClass()[pri:0, instance:com.shiftleftautomation.runner.TestRunner@291caca8]" started-at="2024-05-31T12:54:06 CDT" name="tearDownClass" finished-at="2024-05-31T12:54:06 CDT" duration-ms="50" status="PASS">
          <reporter-output>
          </reporter-output>
        </test-method> <!-- tearDownClass -->
      </class> <!-- com.shiftleftautomation.runner.TestRunner -->
    </test> <!-- Default test -->
  </suite> <!-- Default suite -->
</testng-results>
