<?xml version="1.0" encoding="UTF-8"?>
<testng-results ignored="0" total="1" passed="0" failed="1" skipped="0">
  <reporter-output>
  </reporter-output>
  <suite started-at="2024-05-30T21:52:03 CDT" name="Default suite" finished-at="2024-05-30T21:52:05 CDT" duration-ms="2502">
    <groups>
      <group name="cucumber">
        <method signature="AbstractTestNGCucumberTests.runScenario(io.cucumber.testng.PickleWrapper,io.cucumber.testng.FeatureWrapper)[pri:0, instance:com.shiftleftautomation.runner.TestRunner@2362f559]" name="runScenario" class="io.cucumber.testng.AbstractTestNGCucumberTests"/>
      </group> <!-- cucumber -->
    </groups>
    <test started-at="2024-05-30T21:52:03 CDT" name="Default test" finished-at="2024-05-30T21:52:05 CDT" duration-ms="2502">
      <class name="com.shiftleftautomation.runner.TestRunner">
        <test-method is-config="true" signature="setUpClass(org.testng.ITestContext)[pri:0, instance:com.shiftleftautomation.runner.TestRunner@2362f559]" started-at="2024-05-30T21:52:03 CDT" name="setUpClass" finished-at="2024-05-30T21:52:03 CDT" duration-ms="444" status="PASS">
          <params>
            <param index="0">
              <value>
                <![CDATA[org.testng.TestRunner@1c74d19]]>
              </value>
            </param>
          </params>
          <reporter-output>
          </reporter-output>
        </test-method> <!-- setUpClass -->
        <test-method signature="runScenario(io.cucumber.testng.PickleWrapper,io.cucumber.testng.FeatureWrapper)[pri:0, instance:com.shiftleftautomation.runner.TestRunner@2362f559]" started-at="2024-05-30T21:52:03 CDT" name="runScenario" description="Runs Cucumber Scenarios" data-provider="scenarios" finished-at="2024-05-30T21:52:05 CDT" duration-ms="1992" status="FAIL">
          <params>
            <param index="0">
              <value>
                <![CDATA["Verify phone details are displayed in the response"]]>
              </value>
            </param>
            <param index="1">
              <value>
                <![CDATA["Phone Svc"]]>
              </value>
            </param>
          </params>
          <exception class="io.cucumber.java.PendingException">
            <message>
              <![CDATA[TODO: implement me]]>
            </message>
            <full-stacktrace>
              <![CDATA[io.cucumber.java.PendingException: TODO: implement me
at com.shiftleftautomation.definitions.PhoneSvcDefinitions.phone_with_lowest_cost_is_displayed(PhoneSvcDefinitions.java:94)
at ✽.phone with lowest cost is displayed(file:///C:/Users/sprasad/git/PhoneSvc_BDD/src/test/resources/features/PhoneSvc.feature:10)
]]>
            </full-stacktrace>
          </exception> <!-- io.cucumber.java.PendingException -->
          <reporter-output>
          </reporter-output>
        </test-method> <!-- runScenario -->
        <test-method is-config="true" signature="tearDownClass()[pri:0, instance:com.shiftleftautomation.runner.TestRunner@2362f559]" started-at="2024-05-30T21:52:05 CDT" name="tearDownClass" finished-at="2024-05-30T21:52:05 CDT" duration-ms="30" status="PASS">
          <reporter-output>
          </reporter-output>
        </test-method> <!-- tearDownClass -->
      </class> <!-- com.shiftleftautomation.runner.TestRunner -->
    </test> <!-- Default test -->
  </suite> <!-- Default suite -->
</testng-results>
