<?xml version="1.0" encoding="UTF-8"?>
<!-- Generated by org.testng.reporters.JUnitReportReporter -->
<testsuite hostname="QT-USEC-LT0491" failures="0" tests="1" name="com.shiftleftautomation.runner.TestRunner" time="1.992" errors="1" timestamp="2024-05-30T21:52:05 CDT" skipped="0">
  <testcase classname="com.shiftleftautomation.runner.TestRunner" name="runScenario" time="1.992">
    <error message="TODO: implement me" type="io.cucumber.java.PendingException">
      <![CDATA[io.cucumber.java.PendingException: TODO: implement me
at com.shiftleftautomation.definitions.PhoneSvcDefinitions.phone_with_lowest_cost_is_displayed(PhoneSvcDefinitions.java:94)
at ✽.phone with lowest cost is displayed(file:///C:/Users/sprasad/git/PhoneSvc_BDD/src/test/resources/features/PhoneSvc.feature:10)
]]>
    </error>
  </testcase> <!-- runScenario -->
</testsuite> <!-- com.shiftleftautomation.runner.TestRunner -->
